current directory: /Users/tatsuro/Desktop/workspace/.bundle/ruby/3.1.0/gems/nio4r-2.7.3/ext/nio4r
/Users/tatsuro/.rbenv/versions/3.1.4/bin/ruby -I /Users/tatsuro/.rbenv/versions/3.1.4/lib/ruby/3.1.0 extconf.rb
checking for unistd.h... *** extconf.rb failed ***
Could not create Makefile due to some reason, probably lack of necessary
libraries and/or headers.  Check the mkmf.log file for more details.  You may
need configuration options.

Provided configuration options:
	--with-opt-dir
	--without-opt-dir
	--with-opt-include
	--without-opt-include=${opt-dir}/include
	--with-opt-lib
	--without-opt-lib=${opt-dir}/lib
	--with-make-prog
	--without-make-prog
	--srcdir=.
	--curdir
	--ruby=/Users/tatsuro/.rbenv/versions/3.1.4/bin/$(RUBY_BASE_NAME)
	--with-unistd-dir
	--without-unistd-dir
	--with-unistd-include
	--without-unistd-include=${unistd-dir}/include
	--with-unistd-lib
	--without-unistd-lib=${unistd-dir}/lib
/Users/tatsuro/.rbenv/versions/3.1.4/lib/ruby/3.1.0/mkmf.rb:490:in `try_do': The compiler failed to generate an executable file. (RuntimeError)
You have to install development tools first.
	from /Users/tatsuro/.rbenv/versions/3.1.4/lib/ruby/3.1.0/mkmf.rb:616:in `block in try_compile'
	from /Users/tatsuro/.rbenv/versions/3.1.4/lib/ruby/3.1.0/mkmf.rb:565:in `with_werror'
	from /Users/tatsuro/.rbenv/versions/3.1.4/lib/ruby/3.1.0/mkmf.rb:616:in `try_compile'
	from /Users/tatsuro/.rbenv/versions/3.1.4/lib/ruby/3.1.0/mkmf.rb:1157:in `block in have_header'
	from /Users/tatsuro/.rbenv/versions/3.1.4/lib/ruby/3.1.0/mkmf.rb:989:in `block in checking_for'
	from /Users/tatsuro/.rbenv/versions/3.1.4/lib/ruby/3.1.0/mkmf.rb:354:in `block (2 levels) in postpone'
	from /Users/tatsuro/.rbenv/versions/3.1.4/lib/ruby/3.1.0/mkmf.rb:324:in `open'
	from /Users/tatsuro/.rbenv/versions/3.1.4/lib/ruby/3.1.0/mkmf.rb:354:in `block in postpone'
	from /Users/tatsuro/.rbenv/versions/3.1.4/lib/ruby/3.1.0/mkmf.rb:324:in `open'
	from /Users/tatsuro/.rbenv/versions/3.1.4/lib/ruby/3.1.0/mkmf.rb:350:in `postpone'
	from /Users/tatsuro/.rbenv/versions/3.1.4/lib/ruby/3.1.0/mkmf.rb:988:in `checking_for'
	from /Users/tatsuro/.rbenv/versions/3.1.4/lib/ruby/3.1.0/mkmf.rb:1156:in `have_header'
	from extconf.rb:32:in `<main>'

To see why this extension failed to compile, please check the mkmf.log which can be found here:

  /Users/tatsuro/Desktop/workspace/.bundle/ruby/3.1.0/extensions/x86_64-darwin-20/3.1.0/nio4r-2.7.3/mkmf.log

extconf failed, exit code 1
